<?xml version="1.0" encoding="UTF-8"?>
<!-- Generated by org.testng.reporters.JUnitXMLReporter -->
<testsuite hostname="Gaurav-Mehta-77" ignored="0" name="Test" tests="55" failures="6" timestamp="22 Dec 2024 17:28:05 GMT" time="9138.744" errors="0">
  <testcase name="fn_create2NSingleReserv" time="36.35" classname="com.hotelogix.smoke.FrontdeskTest.Ftest"/>
  <testcase name="fn_create2Room1NReservation" time="40.022" classname="com.hotelogix.smoke.FrontdeskTest.Ftest"/>
  <testcase name="fn_verify1Room1NSingleLnk" time="63.946" classname="com.hotelogix.smoke.FrontdeskTest.Ftest"/>
  <testcase name="fn_verify2Room1NGroupLnk" time="59.592" classname="com.hotelogix.smoke.FrontdeskTest.Ftest"/>
  <testcase name="fn_verify2Room1NAgentCorpLnk" time="59.678" classname="com.hotelogix.smoke.FrontdeskTest.Ftest"/>
  <testcase name="fn_create1Room3NSeasonalRateReserv" time="31.981" classname="com.hotelogix.smoke.FrontdeskTest.Ftest"/>
  <testcase name="fn_verifyConsolidateAccAfterTransferToRMOrder" time="130.208" classname="com.hotelogix.smoke.FrontdeskTest.Ftest"/>
  <testcase name="fn_create1NRackRateReservWithAddOns" time="68.999" classname="com.hotelogix.smoke.FrontdeskTest.Ftest"/>
  <testcase name="fn_verifyRTClickCheckInAndCancelCheckIn" time="163.466" classname="com.hotelogix.smoke.FrontdeskTest.Ftest"/>
  <testcase name="fn_verifyAddEditGuestInfoAndPerNightPriceSplit" time="204.194" classname="com.hotelogix.smoke.FrontdeskTest.Ftest"/>
  <testcase name="fn_verifyPOSOrderTransferToRoomAndConsolidateAcc" time="141.725" classname="com.hotelogix.smoke.FrontdeskTest.Ftest"/>
  <testcase name="fn_verifyPayNowBtnInSampleRestaurant" time="285.266" classname="com.hotelogix.smoke.FrontdeskTest.Ftest"/>
  <testcase name="fn_verifyCustomChargeAndOtherCharge" time="159.142" classname="com.hotelogix.smoke.FrontdeskTest.Ftest"/>
  <testcase name="fn_verifyDeletePerformaInvoicePopUp" time="123.51" classname="com.hotelogix.smoke.FrontdeskTest.Ftest"/>
  <testcase name="fn_verifyRouteToNewFolioRouteChargeAndRoutePayment" time="302.367" classname="com.hotelogix.smoke.FrontdeskTest.Ftest"/>
  <testcase name="fn_verifyRefund" time="124.397" classname="com.hotelogix.smoke.FrontdeskTest.Ftest"/>
  <testcase name="fn_verifySettleFolioAndPILockAlert" time="329.592" classname="com.hotelogix.smoke.FrontdeskTest.Ftest">
    <failure type="org.openqa.selenium.NoSuchElementException" message="Unable to locate element: //a[contains(text(),&amp;apos;Payments&amp;apos;)]
For documentation on this error, please visit: http://seleniumhq.org/exceptions/no_such_element.html
Build info: version: &amp;apos;3.141.5&amp;apos;, revision: &amp;apos;d54ebd709a&amp;apos;, time: &amp;apos;2018-11-06T11:42:16&amp;apos;
System info: host: &amp;apos;GAURAV-MEHTA-77&amp;apos;, ip: &amp;apos;192.168.31.62&amp;apos;, os.name: &amp;apos;Windows 10&amp;apos;, os.arch: &amp;apos;amd64&amp;apos;, os.version: &amp;apos;10.0&amp;apos;, java.version: &amp;apos;1.8.0_202&amp;apos;
Driver info: org.openqa.selenium.firefox.FirefoxDriver
Capabilities {acceptInsecureCerts: true, browserName: firefox, browserVersion: 118.0.2, javascriptEnabled: true, moz:accessibilityChecks: false, moz:buildID: 20231009140911, moz:geckodriverVersion: 0.29.0, moz:headless: false, moz:platformVersion: 10.0, moz:processID: 29332, moz:profile: C:\Users\HOTELO~1\AppData\L..., moz:shutdownTimeout: 60000, moz:webdriverClick: true, moz:windowless: false, pageLoadStrategy: normal, platform: WINDOWS, platformName: WINDOWS, proxy: Proxy(), setWindowRect: true, strictFileInteractability: false, timeouts: {implicit: 0, pageLoad: 300000, script: 30000}, unhandledPromptBehavior: dismiss and notify}
Session ID: 1794d6d0-700e-432f-9e4e-a30da0b5ff98
*** Element info: {Using=xpath, value=//a[contains(text(),&amp;apos;Payments&amp;apos;)]}">
      <![CDATA[org.openqa.selenium.NoSuchElementException: Unable to locate element: //a[contains(text(),'Payments')]
For documentation on this error, please visit: http://seleniumhq.org/exceptions/no_such_element.html
Build info: version: '3.141.5', revision: 'd54ebd709a', time: '2018-11-06T11:42:16'
System info: host: 'GAURAV-MEHTA-77', ip: '192.168.31.62', os.name: 'Windows 10', os.arch: 'amd64', os.version: '10.0', java.version: '1.8.0_202'
Driver info: org.openqa.selenium.firefox.FirefoxDriver
Capabilities {acceptInsecureCerts: true, browserName: firefox, browserVersion: 118.0.2, javascriptEnabled: true, moz:accessibilityChecks: false, moz:buildID: 20231009140911, moz:geckodriverVersion: 0.29.0, moz:headless: false, moz:platformVersion: 10.0, moz:processID: 29332, moz:profile: C:\Users\HOTELO~1\AppData\L..., moz:shutdownTimeout: 60000, moz:webdriverClick: true, moz:windowless: false, pageLoadStrategy: normal, platform: WINDOWS, platformName: WINDOWS, proxy: Proxy(), setWindowRect: true, strictFileInteractability: false, timeouts: {implicit: 0, pageLoad: 300000, script: 30000}, unhandledPromptBehavior: dismiss and notify}
Session ID: 1794d6d0-700e-432f-9e4e-a30da0b5ff98
*** Element info: {Using=xpath, value=//a[contains(text(),'Payments')]}
	at org.openqa.selenium.remote.http.W3CHttpResponseCodec.createException(W3CHttpResponseCodec.java:187)
	at org.openqa.selenium.remote.http.W3CHttpResponseCodec.decode(W3CHttpResponseCodec.java:122)
	at org.openqa.selenium.remote.http.W3CHttpResponseCodec.decode(W3CHttpResponseCodec.java:49)
	at org.openqa.selenium.remote.HttpCommandExecutor.execute(HttpCommandExecutor.java:158)
	at org.openqa.selenium.remote.service.DriverCommandExecutor.execute(DriverCommandExecutor.java:83)
	at org.openqa.selenium.remote.RemoteWebDriver.execute(RemoteWebDriver.java:552)
	at org.openqa.selenium.remote.RemoteWebDriver.findElement(RemoteWebDriver.java:323)
	at org.openqa.selenium.remote.RemoteWebDriver.findElementByXPath(RemoteWebDriver.java:428)
	at org.openqa.selenium.By$ByXPath.findElement(By.java:353)
	at org.openqa.selenium.remote.RemoteWebDriver.findElement(RemoteWebDriver.java:315)
	at org.openqa.selenium.support.pagefactory.DefaultElementLocator.findElement(DefaultElementLocator.java:69)
	at org.openqa.selenium.support.pagefactory.internal.LocatingElementHandler.invoke(LocatingElementHandler.java:38)
	at com.sun.proxy.$Proxy10.getWrappedElement(Unknown Source)
	at org.openqa.selenium.remote.internal.WebElementToJsonConverter.apply(WebElementToJsonConverter.java:50)
	at java.util.stream.ReferencePipeline$3$1.accept(ReferencePipeline.java:193)
	at java.util.Spliterators$ArraySpliterator.forEachRemaining(Spliterators.java:948)
	at java.util.stream.AbstractPipeline.copyInto(AbstractPipeline.java:481)
	at java.util.stream.AbstractPipeline.wrapAndCopyInto(AbstractPipeline.java:471)
	at java.util.stream.ReduceOps$ReduceOp.evaluateSequential(ReduceOps.java:708)
	at java.util.stream.AbstractPipeline.evaluate(AbstractPipeline.java:234)
	at java.util.stream.ReferencePipeline.collect(ReferencePipeline.java:499)
	at org.openqa.selenium.remote.RemoteWebDriver.executeScript(RemoteWebDriver.java:484)
	at com.hotelogix.smoke.genericandbase.GenericMethods.js_Click(GenericMethods.java:644)
	at com.hotelogix.smoke.genericandbase.GenericMethods.clickElement(GenericMethods.java:633)
	at com.hotelogix.smoke.frontdesk.FrontdeskHome.FrontdeskLandingPage.ClickOnPayment(FrontdeskLandingPage.java:644)
	at com.hotelogix.smoke.FrontdeskTest.Ftest.fn_verifySettleFolioAndPILockAlert(Ftest.java:1373)
... Removed 29 stack frames]]>
    </failure>
  </testcase> <!-- fn_verifySettleFolioAndPILockAlert -->
  <testcase name="fn_create3Room4NSeasonalReserv" time="28.525" classname="com.hotelogix.smoke.FrontdeskTest.Ftest"/>
  <testcase name="fn_create2Room1NPkgWithInclusionReserv" time="140.928" classname="com.hotelogix.smoke.FrontdeskTest.Ftest"/>
  <testcase name="fn_verify1N2RoomGrpCheckInForPkgWithInclusion" time="221.295" classname="com.hotelogix.smoke.FrontdeskTest.Ftest"/>
  <testcase name="fn_verifyPostingInAccAfterAutoNAuditIn1R1NResvForPkgWithInclusion" time="414.414" classname="com.hotelogix.smoke.FrontdeskTest.Ftest"/>
  <testcase name="fn_create2R2NResvForWeeklyPostedPkgWithAddOns" time="198.08" classname="com.hotelogix.smoke.FrontdeskTest.Ftest"/>
  <testcase name="fn_verifyPriceChangeInGrpReservRoom" time="102.096" classname="com.hotelogix.smoke.FrontdeskTest.Ftest"/>
  <testcase name="fn_verifyChangeInRoomTariffForExtraBedInGrpResv" time="144.571" classname="com.hotelogix.smoke.FrontdeskTest.Ftest"/>
  <testcase name="fn_verifyAddGuestDetailsInGrpReserv" time="223.97" classname="com.hotelogix.smoke.FrontdeskTest.Ftest"/>
  <testcase name="fn_verifyAddEditDetailsInGrpReserv" time="104.867" classname="com.hotelogix.smoke.FrontdeskTest.Ftest"/>
  <testcase name="fn_verifyRTClickCheckinForGrpReserv" time="123.049" classname="com.hotelogix.smoke.FrontdeskTest.Ftest"/>
  <testcase name="fn_verifyRTClickGrpCheckinAndCancelCheckinInGrpReserv" time="155.656" classname="com.hotelogix.smoke.FrontdeskTest.Ftest"/>
  <testcase name="fn_verifyCheckinSelectedBtnInGrpResv" time="164.196" classname="com.hotelogix.smoke.FrontdeskTest.Ftest"/>
  <testcase name="fn_verifyAddNewRoomAndDeleteActionInGrpReserv" time="113.948" classname="com.hotelogix.smoke.FrontdeskTest.Ftest"/>
  <testcase name="fn_verifyEarlyCheckinSelectedBtnInGrpReserv" time="155.574" classname="com.hotelogix.smoke.FrontdeskTest.Ftest"/>
  <testcase name="fn_verifyNoShowSelectedInGrpReserv" time="218.778" classname="com.hotelogix.smoke.FrontdeskTest.Ftest">
    <failure type="org.openqa.selenium.NoSuchElementException" message="Unable to locate element: //div[@resrvid=&amp;apos;42297791&amp;apos;]
For documentation on this error, please visit: http://seleniumhq.org/exceptions/no_such_element.html
Build info: version: &amp;apos;3.141.5&amp;apos;, revision: &amp;apos;d54ebd709a&amp;apos;, time: &amp;apos;2018-11-06T11:42:16&amp;apos;
System info: host: &amp;apos;GAURAV-MEHTA-77&amp;apos;, ip: &amp;apos;192.168.31.62&amp;apos;, os.name: &amp;apos;Windows 10&amp;apos;, os.arch: &amp;apos;amd64&amp;apos;, os.version: &amp;apos;10.0&amp;apos;, java.version: &amp;apos;1.8.0_202&amp;apos;
Driver info: org.openqa.selenium.firefox.FirefoxDriver
Capabilities {acceptInsecureCerts: true, browserName: firefox, browserVersion: 118.0.2, javascriptEnabled: true, moz:accessibilityChecks: false, moz:buildID: 20231009140911, moz:geckodriverVersion: 0.29.0, moz:headless: false, moz:platformVersion: 10.0, moz:processID: 29332, moz:profile: C:\Users\HOTELO~1\AppData\L..., moz:shutdownTimeout: 60000, moz:webdriverClick: true, moz:windowless: false, pageLoadStrategy: normal, platform: WINDOWS, platformName: WINDOWS, proxy: Proxy(), setWindowRect: true, strictFileInteractability: false, timeouts: {implicit: 0, pageLoad: 300000, script: 30000}, unhandledPromptBehavior: dismiss and notify}
Session ID: 1794d6d0-700e-432f-9e4e-a30da0b5ff98
*** Element info: {Using=xpath, value=//div[@resrvid=&amp;apos;42297791&amp;apos;]}">
      <![CDATA[org.openqa.selenium.NoSuchElementException: Unable to locate element: //div[@resrvid='42297791']
For documentation on this error, please visit: http://seleniumhq.org/exceptions/no_such_element.html
Build info: version: '3.141.5', revision: 'd54ebd709a', time: '2018-11-06T11:42:16'
System info: host: 'GAURAV-MEHTA-77', ip: '192.168.31.62', os.name: 'Windows 10', os.arch: 'amd64', os.version: '10.0', java.version: '1.8.0_202'
Driver info: org.openqa.selenium.firefox.FirefoxDriver
Capabilities {acceptInsecureCerts: true, browserName: firefox, browserVersion: 118.0.2, javascriptEnabled: true, moz:accessibilityChecks: false, moz:buildID: 20231009140911, moz:geckodriverVersion: 0.29.0, moz:headless: false, moz:platformVersion: 10.0, moz:processID: 29332, moz:profile: C:\Users\HOTELO~1\AppData\L..., moz:shutdownTimeout: 60000, moz:webdriverClick: true, moz:windowless: false, pageLoadStrategy: normal, platform: WINDOWS, platformName: WINDOWS, proxy: Proxy(), setWindowRect: true, strictFileInteractability: false, timeouts: {implicit: 0, pageLoad: 300000, script: 30000}, unhandledPromptBehavior: dismiss and notify}
Session ID: 1794d6d0-700e-432f-9e4e-a30da0b5ff98
*** Element info: {Using=xpath, value=//div[@resrvid='42297791']}
	at org.openqa.selenium.remote.http.W3CHttpResponseCodec.createException(W3CHttpResponseCodec.java:187)
	at org.openqa.selenium.remote.http.W3CHttpResponseCodec.decode(W3CHttpResponseCodec.java:122)
	at org.openqa.selenium.remote.http.W3CHttpResponseCodec.decode(W3CHttpResponseCodec.java:49)
	at org.openqa.selenium.remote.HttpCommandExecutor.execute(HttpCommandExecutor.java:158)
	at org.openqa.selenium.remote.service.DriverCommandExecutor.execute(DriverCommandExecutor.java:83)
	at org.openqa.selenium.remote.RemoteWebDriver.execute(RemoteWebDriver.java:552)
	at org.openqa.selenium.remote.RemoteWebDriver.findElement(RemoteWebDriver.java:323)
	at org.openqa.selenium.remote.RemoteWebDriver.findElementByXPath(RemoteWebDriver.java:428)
	at org.openqa.selenium.By$ByXPath.findElement(By.java:353)
	at org.openqa.selenium.remote.RemoteWebDriver.findElement(RemoteWebDriver.java:315)
	at com.hotelogix.smoke.frontdesk.FrontdeskHome.FrontdeskLandingPage.fn_rightClickOnReservation(FrontdeskLandingPage.java:1702)
	at com.hotelogix.smoke.FrontdeskTest.Ftest.fn_verifyNoShowSelectedInGrpReserv(Ftest.java:1914)
... Removed 29 stack frames]]>
    </failure>
  </testcase> <!-- fn_verifyNoShowSelectedInGrpReserv -->
  <testcase name="fn_verifyAmountChangeInGrpReserv" time="129.329" classname="com.hotelogix.smoke.FrontdeskTest.Ftest"/>
  <testcase name="fn_verifyManageSharerInGrpReserv" time="208.967" classname="com.hotelogix.smoke.FrontdeskTest.Ftest"/>
  <testcase name="fn_verifyChangeInCheckInAndCheckOutDateInGrpResv" time="124.16" classname="com.hotelogix.smoke.FrontdeskTest.Ftest">
    <failure type="org.openqa.selenium.UnhandledAlertException" message="Dismissed user prompt dialog: Check In date cannot be more or 
 equal to Check Out date.: 
Build info: version: &amp;apos;3.141.5&amp;apos;, revision: &amp;apos;d54ebd709a&amp;apos;, time: &amp;apos;2018-11-06T11:42:16&amp;apos;
System info: host: &amp;apos;GAURAV-MEHTA-77&amp;apos;, ip: &amp;apos;192.168.31.62&amp;apos;, os.name: &amp;apos;Windows 10&amp;apos;, os.arch: &amp;apos;amd64&amp;apos;, os.version: &amp;apos;10.0&amp;apos;, java.version: &amp;apos;1.8.0_202&amp;apos;
Driver info: org.openqa.selenium.firefox.FirefoxDriver
Capabilities {acceptInsecureCerts: true, browserName: firefox, browserVersion: 118.0.2, javascriptEnabled: true, moz:accessibilityChecks: false, moz:buildID: 20231009140911, moz:geckodriverVersion: 0.29.0, moz:headless: false, moz:platformVersion: 10.0, moz:processID: 29332, moz:profile: C:\Users\HOTELO~1\AppData\L..., moz:shutdownTimeout: 60000, moz:webdriverClick: true, moz:windowless: false, pageLoadStrategy: normal, platform: WINDOWS, platformName: WINDOWS, proxy: Proxy(), setWindowRect: true, strictFileInteractability: false, timeouts: {implicit: 0, pageLoad: 300000, script: 30000}, unhandledPromptBehavior: dismiss and notify}
Session ID: 1794d6d0-700e-432f-9e4e-a30da0b5ff98
*** Element info: {Using=xpath, value=//table[@id=&amp;apos;roomGrTableId&amp;apos;]/tbody/tr[1]}">
      <![CDATA[org.openqa.selenium.UnhandledAlertException: Dismissed user prompt dialog: Check In date cannot be more or 
 equal to Check Out date.: 
Build info: version: '3.141.5', revision: 'd54ebd709a', time: '2018-11-06T11:42:16'
System info: host: 'GAURAV-MEHTA-77', ip: '192.168.31.62', os.name: 'Windows 10', os.arch: 'amd64', os.version: '10.0', java.version: '1.8.0_202'
Driver info: org.openqa.selenium.firefox.FirefoxDriver
Capabilities {acceptInsecureCerts: true, browserName: firefox, browserVersion: 118.0.2, javascriptEnabled: true, moz:accessibilityChecks: false, moz:buildID: 20231009140911, moz:geckodriverVersion: 0.29.0, moz:headless: false, moz:platformVersion: 10.0, moz:processID: 29332, moz:profile: C:\Users\HOTELO~1\AppData\L..., moz:shutdownTimeout: 60000, moz:webdriverClick: true, moz:windowless: false, pageLoadStrategy: normal, platform: WINDOWS, platformName: WINDOWS, proxy: Proxy(), setWindowRect: true, strictFileInteractability: false, timeouts: {implicit: 0, pageLoad: 300000, script: 30000}, unhandledPromptBehavior: dismiss and notify}
Session ID: 1794d6d0-700e-432f-9e4e-a30da0b5ff98
*** Element info: {Using=xpath, value=//table[@id='roomGrTableId']/tbody/tr[1]}
	at org.openqa.selenium.remote.http.W3CHttpResponseCodec.decode(W3CHttpResponseCodec.java:120)
	at org.openqa.selenium.remote.http.W3CHttpResponseCodec.decode(W3CHttpResponseCodec.java:49)
	at org.openqa.selenium.remote.HttpCommandExecutor.execute(HttpCommandExecutor.java:158)
	at org.openqa.selenium.remote.service.DriverCommandExecutor.execute(DriverCommandExecutor.java:83)
	at org.openqa.selenium.remote.RemoteWebDriver.execute(RemoteWebDriver.java:552)
	at org.openqa.selenium.remote.RemoteWebDriver.findElement(RemoteWebDriver.java:323)
	at org.openqa.selenium.remote.RemoteWebDriver.findElementByXPath(RemoteWebDriver.java:428)
	at org.openqa.selenium.By$ByXPath.findElement(By.java:353)
	at org.openqa.selenium.remote.RemoteWebDriver.findElement(RemoteWebDriver.java:315)
	at org.openqa.selenium.support.pagefactory.DefaultElementLocator.findElement(DefaultElementLocator.java:69)
	at org.openqa.selenium.support.pagefactory.internal.LocatingElementHandler.invoke(LocatingElementHandler.java:38)
	at com.sun.proxy.$Proxy10.getWrappedElement(Unknown Source)
	at org.openqa.selenium.remote.internal.WebElementToJsonConverter.apply(WebElementToJsonConverter.java:50)
	at java.util.stream.ReferencePipeline$3$1.accept(ReferencePipeline.java:193)
	at java.util.Spliterators$ArraySpliterator.forEachRemaining(Spliterators.java:948)
	at java.util.stream.AbstractPipeline.copyInto(AbstractPipeline.java:481)
	at java.util.stream.AbstractPipeline.wrapAndCopyInto(AbstractPipeline.java:471)
	at java.util.stream.ReduceOps$ReduceOp.evaluateSequential(ReduceOps.java:708)
	at java.util.stream.AbstractPipeline.evaluate(AbstractPipeline.java:234)
	at java.util.stream.ReferencePipeline.collect(ReferencePipeline.java:499)
	at org.openqa.selenium.remote.RemoteWebDriver.executeScript(RemoteWebDriver.java:484)
	at com.hotelogix.smoke.genericandbase.GenericMethods.javascriptScroll(GenericMethods.java:713)
	at com.hotelogix.smoke.frontdesk.ViewDetailsPage.GroupEnableEditingPage.fn_ChangeCheckOutDate(GroupEnableEditingPage.java:276)
	at com.hotelogix.smoke.FrontdeskTest.Ftest.fn_verifyChangeInCheckInAndCheckOutDateInGrpResv(Ftest.java:2066)
... Removed 25 stack frames]]>
    </failure>
  </testcase> <!-- fn_verifyChangeInCheckInAndCheckOutDateInGrpResv -->
  <testcase name="fn_verifyPayTermInGrpReserv" time="124.662" classname="com.hotelogix.smoke.FrontdeskTest.Ftest"/>
  <testcase name="fn_verifyDNRForSelectedRoom" time="84.11" classname="com.hotelogix.smoke.FrontdeskTest.Ftest"/>
  <testcase name="fn_verifyAddNewRoomInGrpResv" time="127.934" classname="com.hotelogix.smoke.FrontdeskTest.Ftest"/>
  <testcase name="fn_verifyTransferToRoomInGrpReserv" time="213.174" classname="com.hotelogix.smoke.FrontdeskTest.Ftest"/>
  <testcase name="fn_verifyPOSItemthroughTRFtoroomAfterAutoNightAuditinAcc" time="209.389" classname="com.hotelogix.smoke.FrontdeskTest.Ftest">
    <failure type="java.lang.NullPointerException">
      <![CDATA[java.lang.NullPointerException
	at com.hotelogix.smoke.FrontdeskTest.Ftest.fn_verifyPOSItemthroughTRFtoroomAfterAutoNightAuditinAcc(Ftest.java:2341)
... Removed 25 stack frames]]>
    </failure>
  </testcase> <!-- fn_verifyPOSItemthroughTRFtoroomAfterAutoNightAuditinAcc -->
  <testcase name="fn_verifyConsolidateAccountInNightAuditedGrpReserv" time="231.917" classname="com.hotelogix.smoke.FrontdeskTest.Ftest"/>
  <testcase name="fn_verifyTaxExemptforGrpreservation" time="308.46" classname="com.hotelogix.smoke.FrontdeskTest.Ftest"/>
  <testcase name="fn_verifyRouteChargeRouteToNewFolioRoutePayment" time="202.313" classname="com.hotelogix.smoke.FrontdeskTest.Ftest">
    <failure type="org.openqa.selenium.interactions.MoveTargetOutOfBoundsException" message="(318, 747) is out of bounds of viewport width (1280) and height (587)
Build info: version: &amp;apos;3.141.5&amp;apos;, revision: &amp;apos;d54ebd709a&amp;apos;, time: &amp;apos;2018-11-06T11:42:16&amp;apos;
System info: host: &amp;apos;GAURAV-MEHTA-77&amp;apos;, ip: &amp;apos;192.168.31.62&amp;apos;, os.name: &amp;apos;Windows 10&amp;apos;, os.arch: &amp;apos;amd64&amp;apos;, os.version: &amp;apos;10.0&amp;apos;, java.version: &amp;apos;1.8.0_202&amp;apos;
Driver info: org.openqa.selenium.firefox.FirefoxDriver
Capabilities {acceptInsecureCerts: true, browserName: firefox, browserVersion: 118.0.2, javascriptEnabled: true, moz:accessibilityChecks: false, moz:buildID: 20231009140911, moz:geckodriverVersion: 0.29.0, moz:headless: false, moz:platformVersion: 10.0, moz:processID: 29332, moz:profile: C:\Users\HOTELO~1\AppData\L..., moz:shutdownTimeout: 60000, moz:webdriverClick: true, moz:windowless: false, pageLoadStrategy: normal, platform: WINDOWS, platformName: WINDOWS, proxy: Proxy(), setWindowRect: true, strictFileInteractability: false, timeouts: {implicit: 0, pageLoad: 300000, script: 30000}, unhandledPromptBehavior: dismiss and notify}
Session ID: 1794d6d0-700e-432f-9e4e-a30da0b5ff98">
      <![CDATA[org.openqa.selenium.interactions.MoveTargetOutOfBoundsException: (318, 747) is out of bounds of viewport width (1280) and height (587)
Build info: version: '3.141.5', revision: 'd54ebd709a', time: '2018-11-06T11:42:16'
System info: host: 'GAURAV-MEHTA-77', ip: '192.168.31.62', os.name: 'Windows 10', os.arch: 'amd64', os.version: '10.0', java.version: '1.8.0_202'
Driver info: org.openqa.selenium.firefox.FirefoxDriver
Capabilities {acceptInsecureCerts: true, browserName: firefox, browserVersion: 118.0.2, javascriptEnabled: true, moz:accessibilityChecks: false, moz:buildID: 20231009140911, moz:geckodriverVersion: 0.29.0, moz:headless: false, moz:platformVersion: 10.0, moz:processID: 29332, moz:profile: C:\Users\HOTELO~1\AppData\L..., moz:shutdownTimeout: 60000, moz:webdriverClick: true, moz:windowless: false, pageLoadStrategy: normal, platform: WINDOWS, platformName: WINDOWS, proxy: Proxy(), setWindowRect: true, strictFileInteractability: false, timeouts: {implicit: 0, pageLoad: 300000, script: 30000}, unhandledPromptBehavior: dismiss and notify}
Session ID: 1794d6d0-700e-432f-9e4e-a30da0b5ff98
	at org.openqa.selenium.remote.http.W3CHttpResponseCodec.createException(W3CHttpResponseCodec.java:187)
	at org.openqa.selenium.remote.http.W3CHttpResponseCodec.decode(W3CHttpResponseCodec.java:122)
	at org.openqa.selenium.remote.http.W3CHttpResponseCodec.decode(W3CHttpResponseCodec.java:49)
	at org.openqa.selenium.remote.HttpCommandExecutor.execute(HttpCommandExecutor.java:158)
	at org.openqa.selenium.remote.service.DriverCommandExecutor.execute(DriverCommandExecutor.java:83)
	at org.openqa.selenium.remote.RemoteWebDriver.execute(RemoteWebDriver.java:552)
	at org.openqa.selenium.remote.RemoteWebDriver.perform(RemoteWebDriver.java:618)
	at org.openqa.selenium.interactions.Actions$BuiltAction.perform(Actions.java:639)
	at com.hotelogix.smoke.frontdesk.FrontdeskHome.FrontdeskLandingPage.fn_rightClickOnReservation(FrontdeskLandingPage.java:1697)
	at com.hotelogix.smoke.FrontdeskTest.Ftest.fn_verifyRouteChargeRouteToNewFolioRoutePayment(Ftest.java:2549)
... Removed 29 stack frames]]>
    </failure>
  </testcase> <!-- fn_verifyRouteChargeRouteToNewFolioRoutePayment -->
  <testcase name="fn_verifyRefundfunctionalityforGroupResv" time="243.116" classname="com.hotelogix.smoke.FrontdeskTest.Ftest"/>
  <testcase name="fn_verifyChequePayNowInGrpReservThroughRTClkPayment" time="165.888" classname="com.hotelogix.smoke.FrontdeskTest.Ftest"/>
  <testcase name="fn_verifySettleFolioAndLockFolioAlertAcceptInGrpResv" time="259.497" classname="com.hotelogix.smoke.FrontdeskTest.Ftest"/>
  <testcase name="fn_groupCheckInThroughRightClickOption" time="74.376" classname="com.hotelogix.smoke.FrontdeskTest.Ftest"/>
  <testcase name="fn_groupCheckInThroughEnableEditingPage" time="84.252" classname="com.hotelogix.smoke.FrontdeskTest.Ftest"/>
  <testcase name="fn_SingleReservationCheckInThroughRightClickOption" time="100.805" classname="com.hotelogix.smoke.FrontdeskTest.Ftest"/>
  <testcase name="fn_SingleReservationCheckInThroughEnableEditingPage" time="81.564" classname="com.hotelogix.smoke.FrontdeskTest.Ftest"/>
  <testcase name="fn_splitReservationUsingSplitButtonOnRightclickOptionofReservation" time="68.042" classname="com.hotelogix.smoke.FrontdeskTest.Ftest"/>
  <testcase name="fn_verifyCashCounterForYesOption" time="35.876" classname="com.hotelogix.smoke.FrontdeskTest.Ftest"/>
  <testcase name="fn_verifyTempReservBtnInSingleReserv" time="62.425" classname="com.hotelogix.smoke.FrontdeskTest.Ftest"/>
  <testcase name="fn_verifyAssignChkbxInSingleTempResv" time="75.128" classname="com.hotelogix.smoke.FrontdeskTest.Ftest"/>
  <testcase name="fn_verifyHoldTillChkbxInSingleTempResv" time="75.041" classname="com.hotelogix.smoke.FrontdeskTest.Ftest">
    <failure type="org.openqa.selenium.UnhandledAlertException" message="Dismissed user prompt dialog: The hold till date and time cannot be past the current date and time.: 
Build info: version: &amp;apos;3.141.5&amp;apos;, revision: &amp;apos;d54ebd709a&amp;apos;, time: &amp;apos;2018-11-06T11:42:16&amp;apos;
System info: host: &amp;apos;GAURAV-MEHTA-77&amp;apos;, ip: &amp;apos;192.168.31.62&amp;apos;, os.name: &amp;apos;Windows 10&amp;apos;, os.arch: &amp;apos;amd64&amp;apos;, os.version: &amp;apos;10.0&amp;apos;, java.version: &amp;apos;1.8.0_202&amp;apos;
Driver info: org.openqa.selenium.firefox.FirefoxDriver
Capabilities {acceptInsecureCerts: true, browserName: firefox, browserVersion: 118.0.2, javascriptEnabled: true, moz:accessibilityChecks: false, moz:buildID: 20231009140911, moz:geckodriverVersion: 0.29.0, moz:headless: false, moz:platformVersion: 10.0, moz:processID: 29332, moz:profile: C:\Users\HOTELO~1\AppData\L..., moz:shutdownTimeout: 60000, moz:webdriverClick: true, moz:windowless: false, pageLoadStrategy: normal, platform: WINDOWS, platformName: WINDOWS, proxy: Proxy(), setWindowRect: true, strictFileInteractability: false, timeouts: {implicit: 0, pageLoad: 300000, script: 30000}, unhandledPromptBehavior: dismiss and notify}
Session ID: 1794d6d0-700e-432f-9e4e-a30da0b5ff98
*** Element info: {Using=xpath, value=//div[@class=&amp;apos;shead-border&amp;apos;]//div[3]/a}">
      <![CDATA[org.openqa.selenium.UnhandledAlertException: Dismissed user prompt dialog: The hold till date and time cannot be past the current date and time.: 
Build info: version: '3.141.5', revision: 'd54ebd709a', time: '2018-11-06T11:42:16'
System info: host: 'GAURAV-MEHTA-77', ip: '192.168.31.62', os.name: 'Windows 10', os.arch: 'amd64', os.version: '10.0', java.version: '1.8.0_202'
Driver info: org.openqa.selenium.firefox.FirefoxDriver
Capabilities {acceptInsecureCerts: true, browserName: firefox, browserVersion: 118.0.2, javascriptEnabled: true, moz:accessibilityChecks: false, moz:buildID: 20231009140911, moz:geckodriverVersion: 0.29.0, moz:headless: false, moz:platformVersion: 10.0, moz:processID: 29332, moz:profile: C:\Users\HOTELO~1\AppData\L..., moz:shutdownTimeout: 60000, moz:webdriverClick: true, moz:windowless: false, pageLoadStrategy: normal, platform: WINDOWS, platformName: WINDOWS, proxy: Proxy(), setWindowRect: true, strictFileInteractability: false, timeouts: {implicit: 0, pageLoad: 300000, script: 30000}, unhandledPromptBehavior: dismiss and notify}
Session ID: 1794d6d0-700e-432f-9e4e-a30da0b5ff98
*** Element info: {Using=xpath, value=//div[@class='shead-border']//div[3]/a}
	at org.openqa.selenium.remote.http.W3CHttpResponseCodec.decode(W3CHttpResponseCodec.java:120)
	at org.openqa.selenium.remote.http.W3CHttpResponseCodec.decode(W3CHttpResponseCodec.java:49)
	at org.openqa.selenium.remote.HttpCommandExecutor.execute(HttpCommandExecutor.java:158)
	at org.openqa.selenium.remote.service.DriverCommandExecutor.execute(DriverCommandExecutor.java:83)
	at org.openqa.selenium.remote.RemoteWebDriver.execute(RemoteWebDriver.java:552)
	at org.openqa.selenium.remote.RemoteWebDriver.findElement(RemoteWebDriver.java:323)
	at org.openqa.selenium.remote.RemoteWebDriver.findElementByXPath(RemoteWebDriver.java:428)
	at org.openqa.selenium.By$ByXPath.findElement(By.java:353)
	at org.openqa.selenium.remote.RemoteWebDriver.findElement(RemoteWebDriver.java:315)
	at org.openqa.selenium.support.pagefactory.DefaultElementLocator.findElement(DefaultElementLocator.java:69)
	at org.openqa.selenium.support.pagefactory.internal.LocatingElementHandler.invoke(LocatingElementHandler.java:38)
	at com.sun.proxy.$Proxy10.click(Unknown Source)
	at com.hotelogix.smoke.frontdesk.FrontdeskHome.FrontdeskLandingPage.fn_verifyTempReserve(FrontdeskLandingPage.java:1931)
	at com.hotelogix.smoke.FrontdeskTest.Ftest.fn_verifyHoldTillChkbxInSingleTempResv(Ftest.java:3054)
... Removed 25 stack frames]]>
    </failure>
  </testcase> <!-- fn_verifyHoldTillChkbxInSingleTempResv -->
</testsuite> <!-- Test -->
