<?xml version="1.0" encoding="UTF-8"?>
<!-- Generated by org.testng.reporters.JUnitXMLReporter -->
<testsuite hostname="Gaurav-Mehta-77" ignored="46" name="Test(failed)(failed)(failed)" tests="9" failures="9" timestamp="15 Dec 2024 12:42:21 GMT" time="1967.22" errors="0">
  <testcase name="fn_verifyConsolidateAccAfterTransferToRMOrder" time="94.14" classname="com.hotelogix.smoke.FrontdeskTest.Ftest">
    <failure type="java.lang.AssertionError" message="expected [true] but found [false]">
      <![CDATA[java.lang.AssertionError: expected [true] but found [false]
	at com.hotelogix.smoke.FrontdeskTest.Ftest.fn_verifyConsolidateAccAfterTransferToRMOrder(Ftest.java:372)
... Removed 31 stack frames]]>
    </failure>
  </testcase> <!-- fn_verifyConsolidateAccAfterTransferToRMOrder -->
  <testcase name="fn_verifyRTClickCheckInAndCancelCheckIn" time="145.255" classname="com.hotelogix.smoke.FrontdeskTest.Ftest">
    <failure type="java.lang.AssertionError" message="expected [Do you wish to Unassign the reservation?] but found [Do you wish to Cancel Checkout the booking?]">
      <![CDATA[java.lang.AssertionError: expected [Do you wish to Unassign the reservation?] but found [Do you wish to Cancel Checkout the booking?]
	at com.hotelogix.smoke.FrontdeskTest.Ftest.fn_verifyRTClickCheckInAndCancelCheckIn(Ftest.java:517)
... Removed 31 stack frames]]>
    </failure>
  </testcase> <!-- fn_verifyRTClickCheckInAndCancelCheckIn -->
  <testcase name="fn_verifyPOSOrderTransferToRoomAndConsolidateAcc" time="391.746" classname="com.hotelogix.smoke.FrontdeskTest.Ftest">
    <failure type="org.openqa.selenium.NoSuchElementException" message="Unable to locate element: //input[@id=&amp;apos;btnmainSRPay&amp;apos;]
For documentation on this error, please visit: http://seleniumhq.org/exceptions/no_such_element.html
Build info: version: &amp;apos;3.141.5&amp;apos;, revision: &amp;apos;d54ebd709a&amp;apos;, time: &amp;apos;2018-11-06T11:42:16&amp;apos;
System info: host: &amp;apos;GAURAV-MEHTA-77&amp;apos;, ip: &amp;apos;192.168.31.62&amp;apos;, os.name: &amp;apos;Windows 10&amp;apos;, os.arch: &amp;apos;amd64&amp;apos;, os.version: &amp;apos;10.0&amp;apos;, java.version: &amp;apos;1.8.0_202&amp;apos;
Driver info: org.openqa.selenium.firefox.FirefoxDriver
Capabilities {acceptInsecureCerts: true, browserName: firefox, browserVersion: 118.0.2, javascriptEnabled: true, moz:accessibilityChecks: false, moz:buildID: 20231009140911, moz:geckodriverVersion: 0.29.0, moz:headless: false, moz:platformVersion: 10.0, moz:processID: 25380, moz:profile: C:\Users\HOTELO~1\AppData\L..., moz:shutdownTimeout: 60000, moz:webdriverClick: true, moz:windowless: false, pageLoadStrategy: normal, platform: WINDOWS, platformName: WINDOWS, proxy: Proxy(), setWindowRect: true, strictFileInteractability: false, timeouts: {implicit: 0, pageLoad: 300000, script: 30000}, unhandledPromptBehavior: dismiss and notify}
Session ID: 88a9408e-62bb-4ba2-a58d-72a570a79db1
*** Element info: {Using=xpath, value=//input[@id=&amp;apos;btnmainSRPay&amp;apos;]}">
      <![CDATA[org.openqa.selenium.NoSuchElementException: Unable to locate element: //input[@id='btnmainSRPay']
For documentation on this error, please visit: http://seleniumhq.org/exceptions/no_such_element.html
Build info: version: '3.141.5', revision: 'd54ebd709a', time: '2018-11-06T11:42:16'
System info: host: 'GAURAV-MEHTA-77', ip: '192.168.31.62', os.name: 'Windows 10', os.arch: 'amd64', os.version: '10.0', java.version: '1.8.0_202'
Driver info: org.openqa.selenium.firefox.FirefoxDriver
Capabilities {acceptInsecureCerts: true, browserName: firefox, browserVersion: 118.0.2, javascriptEnabled: true, moz:accessibilityChecks: false, moz:buildID: 20231009140911, moz:geckodriverVersion: 0.29.0, moz:headless: false, moz:platformVersion: 10.0, moz:processID: 25380, moz:profile: C:\Users\HOTELO~1\AppData\L..., moz:shutdownTimeout: 60000, moz:webdriverClick: true, moz:windowless: false, pageLoadStrategy: normal, platform: WINDOWS, platformName: WINDOWS, proxy: Proxy(), setWindowRect: true, strictFileInteractability: false, timeouts: {implicit: 0, pageLoad: 300000, script: 30000}, unhandledPromptBehavior: dismiss and notify}
Session ID: 88a9408e-62bb-4ba2-a58d-72a570a79db1
*** Element info: {Using=xpath, value=//input[@id='btnmainSRPay']}
	at org.openqa.selenium.remote.http.W3CHttpResponseCodec.createException(W3CHttpResponseCodec.java:187)
	at org.openqa.selenium.remote.http.W3CHttpResponseCodec.decode(W3CHttpResponseCodec.java:122)
	at org.openqa.selenium.remote.http.W3CHttpResponseCodec.decode(W3CHttpResponseCodec.java:49)
	at org.openqa.selenium.remote.HttpCommandExecutor.execute(HttpCommandExecutor.java:158)
	at org.openqa.selenium.remote.service.DriverCommandExecutor.execute(DriverCommandExecutor.java:83)
	at org.openqa.selenium.remote.RemoteWebDriver.execute(RemoteWebDriver.java:552)
	at org.openqa.selenium.remote.RemoteWebDriver.findElement(RemoteWebDriver.java:323)
	at org.openqa.selenium.remote.RemoteWebDriver.findElementByXPath(RemoteWebDriver.java:428)
	at org.openqa.selenium.By$ByXPath.findElement(By.java:353)
	at org.openqa.selenium.remote.RemoteWebDriver.findElement(RemoteWebDriver.java:315)
	at org.openqa.selenium.support.pagefactory.DefaultElementLocator.findElement(DefaultElementLocator.java:69)
	at org.openqa.selenium.support.pagefactory.internal.LocatingElementHandler.invoke(LocatingElementHandler.java:38)
	at com.sun.proxy.$Proxy10.getWrappedElement(Unknown Source)
	at org.openqa.selenium.remote.internal.WebElementToJsonConverter.apply(WebElementToJsonConverter.java:50)
	at java.util.stream.ReferencePipeline$3$1.accept(ReferencePipeline.java:193)
	at java.util.Spliterators$ArraySpliterator.forEachRemaining(Spliterators.java:948)
	at java.util.stream.AbstractPipeline.copyInto(AbstractPipeline.java:481)
	at java.util.stream.AbstractPipeline.wrapAndCopyInto(AbstractPipeline.java:471)
	at java.util.stream.ReduceOps$ReduceOp.evaluateSequential(ReduceOps.java:708)
	at java.util.stream.AbstractPipeline.evaluate(AbstractPipeline.java:234)
	at java.util.stream.ReferencePipeline.collect(ReferencePipeline.java:499)
	at org.openqa.selenium.remote.RemoteWebDriver.executeScript(RemoteWebDriver.java:484)
	at com.hotelogix.smoke.genericandbase.GenericMethods.js_Click(GenericMethods.java:644)
	at com.hotelogix.smoke.frontdesk.ViewDetailsPage.ViewDetailsPage.ClickToPayment(ViewDetailsPage.java:187)
	at com.hotelogix.smoke.FrontdeskTest.Ftest.fn_verifyPOSOrderTransferToRoomAndConsolidateAcc(Ftest.java:1108)
... Removed 29 stack frames]]>
    </failure>
  </testcase> <!-- fn_verifyPOSOrderTransferToRoomAndConsolidateAcc -->
  <testcase name="fn_verifyRTClickGrpCheckinAndCancelCheckinInGrpReserv" time="138.093" classname="com.hotelogix.smoke.FrontdeskTest.Ftest">
    <failure type="java.lang.AssertionError" message="expected [Do you wish to Unassign the reservation?] but found [Do you wish to Cancel Checkout the booking?]">
      <![CDATA[java.lang.AssertionError: expected [Do you wish to Unassign the reservation?] but found [Do you wish to Cancel Checkout the booking?]
	at com.hotelogix.smoke.FrontdeskTest.Ftest.fn_verifyRTClickGrpCheckinAndCancelCheckinInGrpReserv(Ftest.java:1714)
... Removed 31 stack frames]]>
    </failure>
  </testcase> <!-- fn_verifyRTClickGrpCheckinAndCancelCheckinInGrpReserv -->
  <testcase name="fn_verifyAmountChangeInGrpReserv" time="173.558" classname="com.hotelogix.smoke.FrontdeskTest.Ftest">
    <failure type="org.openqa.selenium.json.JsonException" message="java.lang.reflect.InvocationTargetException
Build info: version: &amp;apos;3.141.5&amp;apos;, revision: &amp;apos;d54ebd709a&amp;apos;, time: &amp;apos;2018-11-06T11:42:16&amp;apos;
System info: host: &amp;apos;GAURAV-MEHTA-77&amp;apos;, ip: &amp;apos;192.168.31.62&amp;apos;, os.name: &amp;apos;Windows 10&amp;apos;, os.arch: &amp;apos;amd64&amp;apos;, os.version: &amp;apos;10.0&amp;apos;, java.version: &amp;apos;1.8.0_202&amp;apos;
Driver info: driver.version: RemoteWebDriver">
      <![CDATA[org.openqa.selenium.json.JsonException: java.lang.reflect.InvocationTargetException
Build info: version: '3.141.5', revision: 'd54ebd709a', time: '2018-11-06T11:42:16'
System info: host: 'GAURAV-MEHTA-77', ip: '192.168.31.62', os.name: 'Windows 10', os.arch: 'amd64', os.version: '10.0', java.version: '1.8.0_202'
Driver info: driver.version: RemoteWebDriver
	at org.openqa.selenium.json.JsonOutput.convertUsingMethod(JsonOutput.java:332)
	at org.openqa.selenium.json.JsonOutput.lambda$new$16(JsonOutput.java:155)
	at org.openqa.selenium.json.JsonOutput.write(JsonOutput.java:264)
	at org.openqa.selenium.json.JsonOutput.lambda$null$21(JsonOutput.java:168)
	at java.util.LinkedHashMap$LinkedValues.forEach(LinkedHashMap.java:608)
	at org.openqa.selenium.json.JsonOutput.lambda$new$22(JsonOutput.java:168)
	at org.openqa.selenium.json.JsonOutput.write(JsonOutput.java:264)
	at org.openqa.selenium.json.JsonOutput.lambda$null$23(JsonOutput.java:177)
	at com.google.common.collect.SingletonImmutableBiMap.forEach(SingletonImmutableBiMap.java:65)
	at org.openqa.selenium.json.JsonOutput.lambda$new$24(JsonOutput.java:176)
	at org.openqa.selenium.json.JsonOutput.write(JsonOutput.java:264)
	at org.openqa.selenium.json.JsonOutput.write(JsonOutput.java:255)
	at org.openqa.selenium.json.Json.toJson(Json.java:42)
	at org.openqa.selenium.remote.http.AbstractHttpCommandCodec.encode(AbstractHttpCommandCodec.java:227)
	at org.openqa.selenium.remote.http.AbstractHttpCommandCodec.encode(AbstractHttpCommandCodec.java:117)
	at org.openqa.selenium.remote.HttpCommandExecutor.execute(HttpCommandExecutor.java:152)
	at org.openqa.selenium.remote.service.DriverCommandExecutor.execute(DriverCommandExecutor.java:83)
	at org.openqa.selenium.remote.RemoteWebDriver.execute(RemoteWebDriver.java:552)
	at org.openqa.selenium.remote.RemoteWebDriver.perform(RemoteWebDriver.java:618)
	at org.openqa.selenium.interactions.Actions$BuiltAction.perform(Actions.java:639)
	at com.hotelogix.smoke.genericandbase.GenericMethods.fn_DoubleClickOnWebElement(GenericMethods.java:1124)
	at com.hotelogix.smoke.FrontdeskTest.Ftest.fn_verifyAmountChangeInGrpReserv(Ftest.java:1950)
	Suppressed: org.openqa.selenium.json.JsonException: Attempting to close incomplete json stream
Build info: version: '3.141.5', revision: 'd54ebd709a', time: '2018-11-06T11:42:16'
System info: host: 'GAURAV-MEHTA-77', ip: '192.168.31.62', os.name: 'Windows 10', os.arch: 'amd64', os.version: '10.0', java.version: '1.8.0_202'
Driver info: driver.version: RemoteWebDriver
		at org.openqa.selenium.json.JsonOutput.close(JsonOutput.java:279)
		at org.openqa.selenium.json.Json.toJson(Json.java:44)
		... 34 more
	at org.openqa.selenium.json.JsonOutput.convertUsingMethod(JsonOutput.java:328)
	... 46 more
Caused by: org.openqa.selenium.NoSuchElementException: Unable to locate element: //fieldset/table/tbody/tr[2]/td[4]/input
For documentation on this error, please visit: http://seleniumhq.org/exceptions/no_such_element.html
Build info: version: '3.141.5', revision: 'd54ebd709a', time: '2018-11-06T11:42:16'
System info: host: 'GAURAV-MEHTA-77', ip: '192.168.31.62', os.name: 'Windows 10', os.arch: 'amd64', os.version: '10.0', java.version: '1.8.0_202'
Driver info: org.openqa.selenium.firefox.FirefoxDriver
Capabilities {acceptInsecureCerts: true, browserName: firefox, browserVersion: 118.0.2, javascriptEnabled: true, moz:accessibilityChecks: false, moz:buildID: 20231009140911, moz:geckodriverVersion: 0.29.0, moz:headless: false, moz:platformVersion: 10.0, moz:processID: 25380, moz:profile: C:\Users\HOTELO~1\AppData\L..., moz:shutdownTimeout: 60000, moz:webdriverClick: true, moz:windowless: false, pageLoadStrategy: normal, platform: WINDOWS, platformName: WINDOWS, proxy: Proxy(), setWindowRect: true, strictFileInteractability: false, timeouts: {implicit: 0, pageLoad: 300000, script: 30000}, unhandledPromptBehavior: dismiss and notify}
Session ID: 88a9408e-62bb-4ba2-a58d-72a570a79db1
*** Element info: {Using=xpath, value=//fieldset/table/tbody/tr[2]/td[4]/input}
	at org.openqa.selenium.remote.http.W3CHttpResponseCodec.createException(W3CHttpResponseCodec.java:187)
	at org.openqa.selenium.remote.http.W3CHttpResponseCodec.decode(W3CHttpResponseCodec.java:122)
	at org.openqa.selenium.remote.http.W3CHttpResponseCodec.decode(W3CHttpResponseCodec.java:49)
	at org.openqa.selenium.remote.HttpCommandExecutor.execute(HttpCommandExecutor.java:158)
	at org.openqa.selenium.remote.service.DriverCommandExecutor.execute(DriverCommandExecutor.java:83)
	at org.openqa.selenium.remote.RemoteWebDriver.execute(RemoteWebDriver.java:552)
	at org.openqa.selenium.remote.RemoteWebDriver.findElement(RemoteWebDriver.java:323)
	at org.openqa.selenium.remote.RemoteWebDriver.findElementByXPath(RemoteWebDriver.java:428)
	at org.openqa.selenium.By$ByXPath.findElement(By.java:353)
	at org.openqa.selenium.remote.RemoteWebDriver.findElement(RemoteWebDriver.java:315)
	at org.openqa.selenium.support.pagefactory.DefaultElementLocator.findElement(DefaultElementLocator.java:69)
	at org.openqa.selenium.support.pagefactory.internal.LocatingElementHandler.invoke(LocatingElementHandler.java:38)
	at com.sun.proxy.$Proxy10.getWrappedElement(Unknown Source)
	at org.openqa.selenium.interactions.PointerInput$Origin.asArg(PointerInput.java:204)
	at org.openqa.selenium.interactions.PointerInput$Move.encode(PointerInput.java:155)
	at org.openqa.selenium.interactions.Sequence.encode(Sequence.java:75)
	at org.openqa.selenium.interactions.Sequence.toJson(Sequence.java:84)
	... 51 more
... Removed 34 stack frames]]>
    </failure>
  </testcase> <!-- fn_verifyAmountChangeInGrpReserv -->
  <testcase name="fn_verifyManageSharerInGrpReserv" time="179.336" classname="com.hotelogix.smoke.FrontdeskTest.Ftest">
    <failure type="java.lang.ArrayIndexOutOfBoundsException" message="1">
      <![CDATA[java.lang.ArrayIndexOutOfBoundsException: 1
	at com.hotelogix.smoke.frontdesk.ViewDetailsPage.GroupToSingleReservationPage.fn_getGuestFirstNLastName(GroupToSingleReservationPage.java:257)
	at com.hotelogix.smoke.FrontdeskTest.Ftest.fn_verifyManageSharerInGrpReserv(Ftest.java:2007)
... Removed 25 stack frames]]>
    </failure>
  </testcase> <!-- fn_verifyManageSharerInGrpReserv -->
  <testcase name="fn_verifyChangeInCheckInAndCheckOutDateInGrpResv" time="132.292" classname="com.hotelogix.smoke.FrontdeskTest.Ftest">
    <failure type="org.openqa.selenium.ElementClickInterceptedException" message="Element &amp;lt;span class=&amp;quot;panel-link&amp;quot;&amp;gt; is not clickable at point (956,7) because another element &amp;lt;header id=&amp;quot;header&amp;quot; class=&amp;quot;header-2n5 fixed-top d-flex align-items-center header-scrolled&amp;quot;&amp;gt; obscures it
Build info: version: &amp;apos;3.141.5&amp;apos;, revision: &amp;apos;d54ebd709a&amp;apos;, time: &amp;apos;2018-11-06T11:42:16&amp;apos;
System info: host: &amp;apos;GAURAV-MEHTA-77&amp;apos;, ip: &amp;apos;192.168.31.62&amp;apos;, os.name: &amp;apos;Windows 10&amp;apos;, os.arch: &amp;apos;amd64&amp;apos;, os.version: &amp;apos;10.0&amp;apos;, java.version: &amp;apos;1.8.0_202&amp;apos;
Driver info: org.openqa.selenium.firefox.FirefoxDriver
Capabilities {acceptInsecureCerts: true, browserName: firefox, browserVersion: 118.0.2, javascriptEnabled: true, moz:accessibilityChecks: false, moz:buildID: 20231009140911, moz:geckodriverVersion: 0.29.0, moz:headless: false, moz:platformVersion: 10.0, moz:processID: 25380, moz:profile: C:\Users\HOTELO~1\AppData\L..., moz:shutdownTimeout: 60000, moz:webdriverClick: true, moz:windowless: false, pageLoadStrategy: normal, platform: WINDOWS, platformName: WINDOWS, proxy: Proxy(), setWindowRect: true, strictFileInteractability: false, timeouts: {implicit: 0, pageLoad: 300000, script: 30000}, unhandledPromptBehavior: dismiss and notify}
Session ID: 88a9408e-62bb-4ba2-a58d-72a570a79db1">
      <![CDATA[org.openqa.selenium.ElementClickInterceptedException: Element <span class="panel-link"> is not clickable at point (956,7) because another element <header id="header" class="header-2n5 fixed-top d-flex align-items-center header-scrolled"> obscures it
Build info: version: '3.141.5', revision: 'd54ebd709a', time: '2018-11-06T11:42:16'
System info: host: 'GAURAV-MEHTA-77', ip: '192.168.31.62', os.name: 'Windows 10', os.arch: 'amd64', os.version: '10.0', java.version: '1.8.0_202'
Driver info: org.openqa.selenium.firefox.FirefoxDriver
Capabilities {acceptInsecureCerts: true, browserName: firefox, browserVersion: 118.0.2, javascriptEnabled: true, moz:accessibilityChecks: false, moz:buildID: 20231009140911, moz:geckodriverVersion: 0.29.0, moz:headless: false, moz:platformVersion: 10.0, moz:processID: 25380, moz:profile: C:\Users\HOTELO~1\AppData\L..., moz:shutdownTimeout: 60000, moz:webdriverClick: true, moz:windowless: false, pageLoadStrategy: normal, platform: WINDOWS, platformName: WINDOWS, proxy: Proxy(), setWindowRect: true, strictFileInteractability: false, timeouts: {implicit: 0, pageLoad: 300000, script: 30000}, unhandledPromptBehavior: dismiss and notify}
Session ID: 88a9408e-62bb-4ba2-a58d-72a570a79db1
	at org.openqa.selenium.remote.http.W3CHttpResponseCodec.createException(W3CHttpResponseCodec.java:187)
	at org.openqa.selenium.remote.http.W3CHttpResponseCodec.decode(W3CHttpResponseCodec.java:122)
	at org.openqa.selenium.remote.http.W3CHttpResponseCodec.decode(W3CHttpResponseCodec.java:49)
	at org.openqa.selenium.remote.HttpCommandExecutor.execute(HttpCommandExecutor.java:158)
	at org.openqa.selenium.remote.service.DriverCommandExecutor.execute(DriverCommandExecutor.java:83)
	at org.openqa.selenium.remote.RemoteWebDriver.execute(RemoteWebDriver.java:552)
	at org.openqa.selenium.remote.RemoteWebElement.execute(RemoteWebElement.java:285)
	at org.openqa.selenium.remote.RemoteWebElement.click(RemoteWebElement.java:84)
	at com.hotelogix.smoke.frontdesk.ViewDetailsPage.GroupEnableEditingPage.fn_ChangeCheckOutDate(GroupEnableEditingPage.java:284)
	at com.hotelogix.smoke.FrontdeskTest.Ftest.fn_verifyChangeInCheckInAndCheckOutDateInGrpResv(Ftest.java:2065)
... Removed 29 stack frames]]>
    </failure>
  </testcase> <!-- fn_verifyChangeInCheckInAndCheckOutDateInGrpResv -->
  <testcase name="fn_verifyDNRForSelectedRoom" time="205.502" classname="com.hotelogix.smoke.FrontdeskTest.Ftest">
    <failure type="org.openqa.selenium.NoSuchElementException" message="Unable to locate element: //div[@id=&amp;apos;all&amp;apos;]//li/ul/li[5]/a[text()=&amp;apos;Rooms&amp;apos;]
For documentation on this error, please visit: http://seleniumhq.org/exceptions/no_such_element.html
Build info: version: &amp;apos;3.141.5&amp;apos;, revision: &amp;apos;d54ebd709a&amp;apos;, time: &amp;apos;2018-11-06T11:42:16&amp;apos;
System info: host: &amp;apos;GAURAV-MEHTA-77&amp;apos;, ip: &amp;apos;192.168.31.62&amp;apos;, os.name: &amp;apos;Windows 10&amp;apos;, os.arch: &amp;apos;amd64&amp;apos;, os.version: &amp;apos;10.0&amp;apos;, java.version: &amp;apos;1.8.0_202&amp;apos;
Driver info: org.openqa.selenium.firefox.FirefoxDriver
Capabilities {acceptInsecureCerts: true, browserName: firefox, browserVersion: 118.0.2, javascriptEnabled: true, moz:accessibilityChecks: false, moz:buildID: 20231009140911, moz:geckodriverVersion: 0.29.0, moz:headless: false, moz:platformVersion: 10.0, moz:processID: 25380, moz:profile: C:\Users\HOTELO~1\AppData\L..., moz:shutdownTimeout: 60000, moz:webdriverClick: true, moz:windowless: false, pageLoadStrategy: normal, platform: WINDOWS, platformName: WINDOWS, proxy: Proxy(), setWindowRect: true, strictFileInteractability: false, timeouts: {implicit: 0, pageLoad: 300000, script: 30000}, unhandledPromptBehavior: dismiss and notify}
Session ID: 88a9408e-62bb-4ba2-a58d-72a570a79db1
*** Element info: {Using=xpath, value=//div[@id=&amp;apos;all&amp;apos;]//li/ul/li[5]/a[text()=&amp;apos;Rooms&amp;apos;]}">
      <![CDATA[org.openqa.selenium.NoSuchElementException: Unable to locate element: //div[@id='all']//li/ul/li[5]/a[text()='Rooms']
For documentation on this error, please visit: http://seleniumhq.org/exceptions/no_such_element.html
Build info: version: '3.141.5', revision: 'd54ebd709a', time: '2018-11-06T11:42:16'
System info: host: 'GAURAV-MEHTA-77', ip: '192.168.31.62', os.name: 'Windows 10', os.arch: 'amd64', os.version: '10.0', java.version: '1.8.0_202'
Driver info: org.openqa.selenium.firefox.FirefoxDriver
Capabilities {acceptInsecureCerts: true, browserName: firefox, browserVersion: 118.0.2, javascriptEnabled: true, moz:accessibilityChecks: false, moz:buildID: 20231009140911, moz:geckodriverVersion: 0.29.0, moz:headless: false, moz:platformVersion: 10.0, moz:processID: 25380, moz:profile: C:\Users\HOTELO~1\AppData\L..., moz:shutdownTimeout: 60000, moz:webdriverClick: true, moz:windowless: false, pageLoadStrategy: normal, platform: WINDOWS, platformName: WINDOWS, proxy: Proxy(), setWindowRect: true, strictFileInteractability: false, timeouts: {implicit: 0, pageLoad: 300000, script: 30000}, unhandledPromptBehavior: dismiss and notify}
Session ID: 88a9408e-62bb-4ba2-a58d-72a570a79db1
*** Element info: {Using=xpath, value=//div[@id='all']//li/ul/li[5]/a[text()='Rooms']}
	at org.openqa.selenium.remote.http.W3CHttpResponseCodec.createException(W3CHttpResponseCodec.java:187)
	at org.openqa.selenium.remote.http.W3CHttpResponseCodec.decode(W3CHttpResponseCodec.java:122)
	at org.openqa.selenium.remote.http.W3CHttpResponseCodec.decode(W3CHttpResponseCodec.java:49)
	at org.openqa.selenium.remote.HttpCommandExecutor.execute(HttpCommandExecutor.java:158)
	at org.openqa.selenium.remote.service.DriverCommandExecutor.execute(DriverCommandExecutor.java:83)
	at org.openqa.selenium.remote.RemoteWebDriver.execute(RemoteWebDriver.java:552)
	at org.openqa.selenium.remote.RemoteWebDriver.findElement(RemoteWebDriver.java:323)
	at org.openqa.selenium.remote.RemoteWebDriver.findElementByXPath(RemoteWebDriver.java:428)
	at org.openqa.selenium.By$ByXPath.findElement(By.java:353)
	at org.openqa.selenium.remote.RemoteWebDriver.findElement(RemoteWebDriver.java:315)
	at org.openqa.selenium.support.pagefactory.DefaultElementLocator.findElement(DefaultElementLocator.java:69)
	at org.openqa.selenium.support.pagefactory.internal.LocatingElementHandler.invoke(LocatingElementHandler.java:38)
	at com.sun.proxy.$Proxy10.getWrappedElement(Unknown Source)
	at org.openqa.selenium.remote.internal.WebElementToJsonConverter.apply(WebElementToJsonConverter.java:50)
	at java.util.stream.ReferencePipeline$3$1.accept(ReferencePipeline.java:193)
	at java.util.Spliterators$ArraySpliterator.forEachRemaining(Spliterators.java:948)
	at java.util.stream.AbstractPipeline.copyInto(AbstractPipeline.java:481)
	at java.util.stream.AbstractPipeline.wrapAndCopyInto(AbstractPipeline.java:471)
	at java.util.stream.ReduceOps$ReduceOp.evaluateSequential(ReduceOps.java:708)
	at java.util.stream.AbstractPipeline.evaluate(AbstractPipeline.java:234)
	at java.util.stream.ReferencePipeline.collect(ReferencePipeline.java:499)
	at org.openqa.selenium.remote.RemoteWebDriver.executeScript(RemoteWebDriver.java:484)
	at com.hotelogix.smoke.genericandbase.GenericMethods.js_Click(GenericMethods.java:644)
	at com.hotelogix.smoke.genericandbase.GenericMethods.clickElement(GenericMethods.java:633)
	at com.hotelogix.smoke.genericandbase.BasePage.roomsPageNavigate(BasePage.java:441)
	at com.hotelogix.smoke.FrontdeskTest.Ftest.fn_verifyDNRForSelectedRoom(Ftest.java:2149)
... Removed 29 stack frames]]>
    </failure>
  </testcase> <!-- fn_verifyDNRForSelectedRoom -->
  <testcase name="fn_verifyTaxExemptforGrpreservation" time="277.409" classname="com.hotelogix.smoke.FrontdeskTest.Ftest">
    <failure type="org.openqa.selenium.ElementClickInterceptedException" message="Element &amp;lt;a href=&amp;quot;javascript:void(0);&amp;quot;&amp;gt; is not clickable at point (741,6) because another element &amp;lt;header id=&amp;quot;header&amp;quot; class=&amp;quot;header-2n5 fixed-top d-flex align-items-center header-scrolled&amp;quot;&amp;gt; obscures it
Build info: version: &amp;apos;3.141.5&amp;apos;, revision: &amp;apos;d54ebd709a&amp;apos;, time: &amp;apos;2018-11-06T11:42:16&amp;apos;
System info: host: &amp;apos;GAURAV-MEHTA-77&amp;apos;, ip: &amp;apos;192.168.31.62&amp;apos;, os.name: &amp;apos;Windows 10&amp;apos;, os.arch: &amp;apos;amd64&amp;apos;, os.version: &amp;apos;10.0&amp;apos;, java.version: &amp;apos;1.8.0_202&amp;apos;
Driver info: org.openqa.selenium.firefox.FirefoxDriver
Capabilities {acceptInsecureCerts: true, browserName: firefox, browserVersion: 118.0.2, javascriptEnabled: true, moz:accessibilityChecks: false, moz:buildID: 20231009140911, moz:geckodriverVersion: 0.29.0, moz:headless: false, moz:platformVersion: 10.0, moz:processID: 25380, moz:profile: C:\Users\HOTELO~1\AppData\L..., moz:shutdownTimeout: 60000, moz:webdriverClick: true, moz:windowless: false, pageLoadStrategy: normal, platform: WINDOWS, platformName: WINDOWS, proxy: Proxy(), setWindowRect: true, strictFileInteractability: false, timeouts: {implicit: 0, pageLoad: 300000, script: 30000}, unhandledPromptBehavior: dismiss and notify}
Session ID: 88a9408e-62bb-4ba2-a58d-72a570a79db1">
      <![CDATA[org.openqa.selenium.ElementClickInterceptedException: Element <a href="javascript:void(0);"> is not clickable at point (741,6) because another element <header id="header" class="header-2n5 fixed-top d-flex align-items-center header-scrolled"> obscures it
Build info: version: '3.141.5', revision: 'd54ebd709a', time: '2018-11-06T11:42:16'
System info: host: 'GAURAV-MEHTA-77', ip: '192.168.31.62', os.name: 'Windows 10', os.arch: 'amd64', os.version: '10.0', java.version: '1.8.0_202'
Driver info: org.openqa.selenium.firefox.FirefoxDriver
Capabilities {acceptInsecureCerts: true, browserName: firefox, browserVersion: 118.0.2, javascriptEnabled: true, moz:accessibilityChecks: false, moz:buildID: 20231009140911, moz:geckodriverVersion: 0.29.0, moz:headless: false, moz:platformVersion: 10.0, moz:processID: 25380, moz:profile: C:\Users\HOTELO~1\AppData\L..., moz:shutdownTimeout: 60000, moz:webdriverClick: true, moz:windowless: false, pageLoadStrategy: normal, platform: WINDOWS, platformName: WINDOWS, proxy: Proxy(), setWindowRect: true, strictFileInteractability: false, timeouts: {implicit: 0, pageLoad: 300000, script: 30000}, unhandledPromptBehavior: dismiss and notify}
Session ID: 88a9408e-62bb-4ba2-a58d-72a570a79db1
	at org.openqa.selenium.remote.http.W3CHttpResponseCodec.createException(W3CHttpResponseCodec.java:187)
	at org.openqa.selenium.remote.http.W3CHttpResponseCodec.decode(W3CHttpResponseCodec.java:122)
	at org.openqa.selenium.remote.http.W3CHttpResponseCodec.decode(W3CHttpResponseCodec.java:49)
	at org.openqa.selenium.remote.HttpCommandExecutor.execute(HttpCommandExecutor.java:158)
	at org.openqa.selenium.remote.service.DriverCommandExecutor.execute(DriverCommandExecutor.java:83)
	at org.openqa.selenium.remote.RemoteWebDriver.execute(RemoteWebDriver.java:552)
	at org.openqa.selenium.remote.RemoteWebElement.execute(RemoteWebElement.java:285)
	at org.openqa.selenium.remote.RemoteWebElement.click(RemoteWebElement.java:84)
	at com.hotelogix.smoke.frontdesk.Payment.AccountStatementLandingPage.fn_clickOnFolio(AccountStatementLandingPage.java:541)
	at com.hotelogix.smoke.FrontdeskTest.Ftest.fn_verifyTaxExemptforGrpreservation(Ftest.java:2490)
... Removed 29 stack frames]]>
    </failure>
  </testcase> <!-- fn_verifyTaxExemptforGrpreservation -->
  <testcase name="fn_verifyCashCounterForYesOption" time="0.0" classname="com.hotelogix.smoke.FrontdeskTest.Ftest">
    <ignored/>
  </testcase> <!-- fn_verifyCashCounterForYesOption -->
  <testcase name="fn_verify1Room1NSingleLnk" time="0.0" classname="com.hotelogix.smoke.FrontdeskTest.Ftest">
    <ignored/>
  </testcase> <!-- fn_verify1Room1NSingleLnk -->
  <testcase name="fn_verifySettleFolioAndLockFolioAlertAcceptInGrpResv" time="0.0" classname="com.hotelogix.smoke.FrontdeskTest.Ftest">
    <ignored/>
  </testcase> <!-- fn_verifySettleFolioAndLockFolioAlertAcceptInGrpResv -->
  <testcase name="fn_verifyAddEditDetailsInGrpReserv" time="0.0" classname="com.hotelogix.smoke.FrontdeskTest.Ftest">
    <ignored/>
  </testcase> <!-- fn_verifyAddEditDetailsInGrpReserv -->
  <testcase name="fn_verifyRTClickCheckinForGrpReserv" time="0.0" classname="com.hotelogix.smoke.FrontdeskTest.Ftest">
    <ignored/>
  </testcase> <!-- fn_verifyRTClickCheckinForGrpReserv -->
  <testcase name="fn_verifyChangeInRoomTariffForExtraBedInGrpResv" time="0.0" classname="com.hotelogix.smoke.FrontdeskTest.Ftest">
    <ignored/>
  </testcase> <!-- fn_verifyChangeInRoomTariffForExtraBedInGrpResv -->
  <testcase name="fn_SingleReservationCheckInThroughRightClickOption" time="0.0" classname="com.hotelogix.smoke.FrontdeskTest.Ftest">
    <ignored/>
  </testcase> <!-- fn_SingleReservationCheckInThroughRightClickOption -->
  <testcase name="fn_SingleReservationCheckInThroughEnableEditingPage" time="0.0" classname="com.hotelogix.smoke.FrontdeskTest.Ftest">
    <ignored/>
  </testcase> <!-- fn_SingleReservationCheckInThroughEnableEditingPage -->
  <testcase name="fn_groupCheckInThroughRightClickOption" time="0.0" classname="com.hotelogix.smoke.FrontdeskTest.Ftest">
    <ignored/>
  </testcase> <!-- fn_groupCheckInThroughRightClickOption -->
  <testcase name="fn_verify2Room1NGroupLnk" time="0.0" classname="com.hotelogix.smoke.FrontdeskTest.Ftest">
    <ignored/>
  </testcase> <!-- fn_verify2Room1NGroupLnk -->
  <testcase name="fn_verifyHoldTillChkbxInSingleTempResv" time="0.0" classname="com.hotelogix.smoke.FrontdeskTest.Ftest">
    <ignored/>
  </testcase> <!-- fn_verifyHoldTillChkbxInSingleTempResv -->
  <testcase name="fn_create2Room1NReservation" time="0.0" classname="com.hotelogix.smoke.FrontdeskTest.Ftest">
    <ignored/>
  </testcase> <!-- fn_create2Room1NReservation -->
  <testcase name="fn_verifyRouteChargeRouteToNewFolioRoutePayment" time="0.0" classname="com.hotelogix.smoke.FrontdeskTest.Ftest">
    <ignored/>
  </testcase> <!-- fn_verifyRouteChargeRouteToNewFolioRoutePayment -->
  <testcase name="fn_verifyRefundfunctionalityforGroupResv" time="0.0" classname="com.hotelogix.smoke.FrontdeskTest.Ftest">
    <ignored/>
  </testcase> <!-- fn_verifyRefundfunctionalityforGroupResv -->
  <testcase name="fn_verify2Room1NAgentCorpLnk" time="0.0" classname="com.hotelogix.smoke.FrontdeskTest.Ftest">
    <ignored/>
  </testcase> <!-- fn_verify2Room1NAgentCorpLnk -->
  <testcase name="fn_verifyCheckinSelectedBtnInGrpResv" time="0.0" classname="com.hotelogix.smoke.FrontdeskTest.Ftest">
    <ignored/>
  </testcase> <!-- fn_verifyCheckinSelectedBtnInGrpResv -->
  <testcase name="fn_verifyAssignChkbxInSingleTempResv" time="0.0" classname="com.hotelogix.smoke.FrontdeskTest.Ftest">
    <ignored/>
  </testcase> <!-- fn_verifyAssignChkbxInSingleTempResv -->
  <testcase name="fn_verifySettleFolioAndPILockAlert" time="0.0" classname="com.hotelogix.smoke.FrontdeskTest.Ftest">
    <ignored/>
  </testcase> <!-- fn_verifySettleFolioAndPILockAlert -->
  <testcase name="fn_create2Room1NPkgWithInclusionReserv" time="0.0" classname="com.hotelogix.smoke.FrontdeskTest.Ftest">
    <ignored/>
  </testcase> <!-- fn_create2Room1NPkgWithInclusionReserv -->
  <testcase name="fn_create2R2NResvForWeeklyPostedPkgWithAddOns" time="0.0" classname="com.hotelogix.smoke.FrontdeskTest.Ftest">
    <ignored/>
  </testcase> <!-- fn_create2R2NResvForWeeklyPostedPkgWithAddOns -->
  <testcase name="fn_verifyEarlyCheckinSelectedBtnInGrpReserv" time="0.0" classname="com.hotelogix.smoke.FrontdeskTest.Ftest">
    <ignored/>
  </testcase> <!-- fn_verifyEarlyCheckinSelectedBtnInGrpReserv -->
  <testcase name="fn_verifyConsolidateAccountInNightAuditedGrpReserv" time="0.0" classname="com.hotelogix.smoke.FrontdeskTest.Ftest">
    <ignored/>
  </testcase> <!-- fn_verifyConsolidateAccountInNightAuditedGrpReserv -->
  <testcase name="fn_groupCheckInThroughEnableEditingPage" time="0.0" classname="com.hotelogix.smoke.FrontdeskTest.Ftest">
    <ignored/>
  </testcase> <!-- fn_groupCheckInThroughEnableEditingPage -->
  <testcase name="fn_verifyTransferToRoomInGrpReserv" time="0.0" classname="com.hotelogix.smoke.FrontdeskTest.Ftest">
    <ignored/>
  </testcase> <!-- fn_verifyTransferToRoomInGrpReserv -->
  <testcase name="fn_verify1N2RoomGrpCheckInForPkgWithInclusion" time="0.0" classname="com.hotelogix.smoke.FrontdeskTest.Ftest">
    <ignored/>
  </testcase> <!-- fn_verify1N2RoomGrpCheckInForPkgWithInclusion -->
  <testcase name="fn_verifyAddGuestDetailsInGrpReserv" time="0.0" classname="com.hotelogix.smoke.FrontdeskTest.Ftest">
    <ignored/>
  </testcase> <!-- fn_verifyAddGuestDetailsInGrpReserv -->
  <testcase name="fn_create2NSingleReserv" time="0.0" classname="com.hotelogix.smoke.FrontdeskTest.Ftest">
    <ignored/>
  </testcase> <!-- fn_create2NSingleReserv -->
  <testcase name="fn_verifyDeletePerformaInvoicePopUp" time="0.0" classname="com.hotelogix.smoke.FrontdeskTest.Ftest">
    <ignored/>
  </testcase> <!-- fn_verifyDeletePerformaInvoicePopUp -->
  <testcase name="fn_splitReservationUsingSplitButtonOnRightclickOptionofReservation" time="0.0" classname="com.hotelogix.smoke.FrontdeskTest.Ftest">
    <ignored/>
  </testcase> <!-- fn_splitReservationUsingSplitButtonOnRightclickOptionofReservation -->
  <testcase name="fn_verifyPostingInAccAfterAutoNAuditIn1R1NResvForPkgWithInclusion" time="0.0" classname="com.hotelogix.smoke.FrontdeskTest.Ftest">
    <ignored/>
  </testcase> <!-- fn_verifyPostingInAccAfterAutoNAuditIn1R1NResvForPkgWithInclusion -->
  <testcase name="fn_verifyChequePayNowInGrpReservThroughRTClkPayment" time="0.0" classname="com.hotelogix.smoke.FrontdeskTest.Ftest">
    <ignored/>
  </testcase> <!-- fn_verifyChequePayNowInGrpReservThroughRTClkPayment -->
  <testcase name="fn_verifyCustomChargeAndOtherCharge" time="0.0" classname="com.hotelogix.smoke.FrontdeskTest.Ftest">
    <ignored/>
  </testcase> <!-- fn_verifyCustomChargeAndOtherCharge -->
  <testcase name="fn_verifyPayTermInGrpReserv" time="0.0" classname="com.hotelogix.smoke.FrontdeskTest.Ftest">
    <ignored/>
  </testcase> <!-- fn_verifyPayTermInGrpReserv -->
  <testcase name="fn_verifyPOSItemthroughTRFtoroomAfterAutoNightAuditinAcc" time="0.0" classname="com.hotelogix.smoke.FrontdeskTest.Ftest">
    <ignored/>
  </testcase> <!-- fn_verifyPOSItemthroughTRFtoroomAfterAutoNightAuditinAcc -->
  <testcase name="fn_verifyAddEditGuestInfoAndPerNightPriceSplit" time="0.0" classname="com.hotelogix.smoke.FrontdeskTest.Ftest">
    <ignored/>
  </testcase> <!-- fn_verifyAddEditGuestInfoAndPerNightPriceSplit -->
  <testcase name="fn_verifyAddNewRoomAndDeleteActionInGrpReserv" time="0.0" classname="com.hotelogix.smoke.FrontdeskTest.Ftest">
    <ignored/>
  </testcase> <!-- fn_verifyAddNewRoomAndDeleteActionInGrpReserv -->
  <testcase name="fn_verifyAddNewRoomInGrpResv" time="0.0" classname="com.hotelogix.smoke.FrontdeskTest.Ftest">
    <ignored/>
  </testcase> <!-- fn_verifyAddNewRoomInGrpResv -->
  <testcase name="fn_verifyRouteToNewFolioRouteChargeAndRoutePayment" time="0.0" classname="com.hotelogix.smoke.FrontdeskTest.Ftest">
    <ignored/>
  </testcase> <!-- fn_verifyRouteToNewFolioRouteChargeAndRoutePayment -->
  <testcase name="fn_create3Room4NSeasonalReserv" time="0.0" classname="com.hotelogix.smoke.FrontdeskTest.Ftest">
    <ignored/>
  </testcase> <!-- fn_create3Room4NSeasonalReserv -->
  <testcase name="fn_verifyRefund" time="0.0" classname="com.hotelogix.smoke.FrontdeskTest.Ftest">
    <ignored/>
  </testcase> <!-- fn_verifyRefund -->
  <testcase name="fn_verifyPayNowBtnInSampleRestaurant" time="0.0" classname="com.hotelogix.smoke.FrontdeskTest.Ftest">
    <ignored/>
  </testcase> <!-- fn_verifyPayNowBtnInSampleRestaurant -->
  <testcase name="fn_verifyTempReservBtnInSingleReserv" time="0.0" classname="com.hotelogix.smoke.FrontdeskTest.Ftest">
    <ignored/>
  </testcase> <!-- fn_verifyTempReservBtnInSingleReserv -->
  <testcase name="fn_create1NRackRateReservWithAddOns" time="0.0" classname="com.hotelogix.smoke.FrontdeskTest.Ftest">
    <ignored/>
  </testcase> <!-- fn_create1NRackRateReservWithAddOns -->
  <testcase name="fn_verifyNoShowSelectedInGrpReserv" time="0.0" classname="com.hotelogix.smoke.FrontdeskTest.Ftest">
    <ignored/>
  </testcase> <!-- fn_verifyNoShowSelectedInGrpReserv -->
  <testcase name="fn_verifyPriceChangeInGrpReservRoom" time="0.0" classname="com.hotelogix.smoke.FrontdeskTest.Ftest">
    <ignored/>
  </testcase> <!-- fn_verifyPriceChangeInGrpReservRoom -->
  <testcase name="fn_create1Room3NSeasonalRateReserv" time="0.0" classname="com.hotelogix.smoke.FrontdeskTest.Ftest">
    <ignored/>
  </testcase> <!-- fn_create1Room3NSeasonalRateReserv -->
</testsuite> <!-- Test(failed)(failed)(failed) -->
